2023-12-16 14:24:47.154 INFO - –ü—Ä–∏–ª–æ–∂–µ–Ω–∏–µ –∑–∞–ø—É—â–µ–Ω–æ!
2023-12-16 14:25:09.341 INFO - –ü—Ä–∏–ª–æ–∂–µ–Ω–∏–µ –∑–∞–ø—É—â–µ–Ω–æ!
2023-12-16 14:27:58.694 INFO - Calendar application started!
2023-12-16 14:28:14.026 INFO - –§–§–§–§–§–§–§–§–ê–í–´–§–ê
2023-12-16 14:31:53.161 INFO - Successfully loaded the notes for 31 days!
2023-12-16 14:31:53.928 INFO - Successfully saved the notes for 31 days!
2023-12-16 14:31:53.932 INFO - Successfully saved the notes for 31 days!
2023-12-16 14:31:53.933 INFO - Successfully saved the notes for 31 days!
2023-12-16 14:31:53.934 INFO - Successfully saved the notes for 31 days!
2023-12-16 14:31:53.936 INFO - Successfully saved the notes for 31 days!
2023-12-16 14:31:53.938 INFO - Successfully saved the notes for 31 days!
2023-12-16 14:31:53.944 INFO - Successfully saved the notes for 31 days!
2023-12-16 14:31:53.946 INFO - Successfully saved the notes for 31 days!
2023-12-16 14:31:53.947 INFO - Successfully saved the notes for 31 days!
2023-12-16 14:31:53.948 INFO - Successfully saved the notes for 31 days!
2023-12-16 14:31:53.949 INFO - Successfully saved the notes for 31 days!
2023-12-16 14:31:53.950 INFO - Successfully saved the notes for 31 days!
2023-12-16 14:31:53.951 INFO - Successfully saved the notes for 31 days!
2023-12-16 14:31:53.953 INFO - Successfully saved the notes for 31 days!
2023-12-16 14:31:53.954 INFO - Successfully saved the notes for 31 days!
2023-12-16 14:31:53.955 INFO - Successfully saved the notes for 31 days!
2023-12-16 14:31:53.957 INFO - Successfully saved the notes for 31 days!
2023-12-16 14:31:53.958 INFO - Successfully saved the notes for 31 days!
2023-12-16 14:31:53.959 INFO - Successfully saved the notes for 31 days!
2023-12-16 14:31:53.960 INFO - Successfully saved the notes for 31 days!
2023-12-16 14:31:53.960 INFO - Successfully saved the notes for 31 days!
2023-12-16 14:31:53.962 INFO - Successfully saved the notes for 31 days!
2023-12-16 14:31:53.963 INFO - Successfully saved the notes for 31 days!
2023-12-16 14:31:53.964 INFO - Successfully saved the notes for 31 days!
2023-12-16 14:31:53.965 INFO - Successfully saved the notes for 31 days!
2023-12-16 14:31:53.966 INFO - Successfully saved the notes for 31 days!
2023-12-16 14:31:53.967 INFO - Successfully saved the notes for 31 days!
2023-12-16 14:31:53.968 INFO - Successfully saved the notes for 31 days!
2023-12-16 14:31:53.969 INFO - Successfully saved the notes for 31 days!
2023-12-16 14:31:53.970 INFO - Successfully saved the notes for 31 days!
2023-12-16 14:31:53.971 INFO - Successfully saved the notes for 31 days!
2023-12-16 14:31:54.089 INFO - Calendar application started!
2023-12-16 14:33:19.658 INFO - Successfully loaded the notes for 31 days!
2023-12-16 14:33:20.464 INFO - Calendar application started!
2023-12-16 14:33:24.838 INFO - Successfully saved the notes for 31 days!
2023-12-16 14:33:31.104 INFO - Successfully saved the notes for 62 days!
2023-12-16 14:33:38.104 INFO - Successfully saved the notes for 62 days!
2023-12-16 14:33:44.236 INFO - Successfully loaded the notes for 62 days!
2023-12-16 14:33:45.118 INFO - Calendar application started!
2023-12-16 14:35:16.515 INFO - Successfully loaded the notes for 62 days!
2023-12-16 14:35:16.518 INFO - Loaded the IsDayOff cache from: C:\Users\Darkness\IdeaProjects\calendar\cache
2023-12-16 14:35:17.423 INFO - Calendar application started!
2023-12-16 14:35:31.501 INFO - Successfully loaded the notes for 62 days!
2023-12-16 14:35:31.506 INFO - Created the cache directory for IsDayOff: C:\Users\Darkness\IdeaProjects\calendar\cache
2023-12-16 14:35:32.451 INFO - Calendar application started!
2023-12-16 14:37:07.020 INFO - Successfully loaded the notes for 62 days!
2023-12-16 14:37:07.031 INFO - Loaded the IsDayOff cache from: C:\Users\Darkness\IdeaProjects\calendar\cache
2023-12-16 14:37:07.914 INFO - Calendar application started!
2023-12-16 14:39:08.363 INFO - Successfully loaded the notes for 62 days!
2023-12-16 14:39:08.372 INFO - Loaded the IsDayOff cache from: C:\Users\Darkness\IdeaProjects\calendar\cache
2023-12-16 14:39:09.202 INFO - Rendered the month: DECEMBER 2023
2023-12-16 14:39:09.316 INFO - Calendar application started!
2023-12-16 14:39:13.462 INFO - Rendered the month: NOVEMBER 2023
2023-12-16 14:39:14.258 INFO - Rendered the month: OCTOBER 2023
2023-12-16 14:39:14.786 INFO - Rendered the month: SEPTEMBER 2023
2023-12-16 14:39:15.485 INFO - Rendered the month: AUGUST 2023
2023-12-16 14:39:16.741 INFO - Rendered the month: SEPTEMBER 2023
2023-12-16 14:39:18.555 INFO - Rendered the month: OCTOBER 2023
2023-12-16 14:39:19.024 INFO - Rendered the month: NOVEMBER 2023
2023-12-16 14:39:19.616 INFO - Rendered the month: DECEMBER 2023
2023-12-16 14:39:21.021 INFO - Rendered the month: JANUARY 2024
2023-12-16 14:39:21.215 INFO - Rendered the month: FEBRUARY 2024
2023-12-16 14:39:21.485 INFO - Rendered the month: MARCH 2024
2023-12-16 14:39:21.913 INFO - Rendered the month: APRIL 2024
2023-12-16 14:39:23.280 INFO - Rendered the month: MAY 2024
2023-12-16 14:39:23.839 INFO - Rendered the month: JUNE 2024
2023-12-16 14:39:24.334 INFO - Rendered the month: JULY 2024
2023-12-16 14:39:25.060 INFO - Rendered the month: AUGUST 2024
2023-12-16 14:39:26.209 INFO - Rendered the month: SEPTEMBER 2024
2023-12-16 14:39:28.696 INFO - Rendered the month: OCTOBER 2024
2023-12-16 14:39:29.437 INFO - Rendered the month: NOVEMBER 2024
2023-12-16 14:39:34.185 INFO - Successfully saved the notes for 487 days!
2023-12-16 14:39:36.509 INFO - Rendered the month: DECEMBER 2024
2023-12-16 14:39:38.343 INFO - Rendered the month: JANUARY 2025
2023-12-16 14:39:42.262 INFO - Rendered the month: DECEMBER 2024
2023-12-16 14:39:45.972 INFO - Rendered the month: NOVEMBER 2024
2023-12-16 14:39:48.166 INFO - Rendered the month: OCTOBER 2024
2023-12-16 14:39:48.803 INFO - Rendered the month: SEPTEMBER 2024
2023-12-16 14:39:50.113 INFO - Rendered the month: AUGUST 2024
2023-12-16 14:39:51.141 INFO - Rendered the month: JULY 2024
2023-12-16 14:46:51.975 INFO - Successfully loaded the notes for 487 days!
2023-12-16 14:46:51.984 INFO - Loaded the IsDayOff cache from: C:\Users\Darkness\IdeaProjects\calendar\cache
2023-12-16 14:46:52.835 INFO - Rendered the month: DECEMBER 2023
2023-12-16 14:46:52.952 INFO - Calendar application started!
2023-12-16 14:46:57.546 INFO - Added a note, Date: 2023/12/15, ID: 3, text: a
2023-12-16 14:46:57.561 INFO - Successfully saved the notes for 487 days!
2023-12-16 14:46:59.730 INFO - Removed all notes, Date: 2023/12/15
2023-12-16 14:46:59.735 INFO - Successfully saved the notes for 487 days!
2023-12-16 19:04:45.157 INFO - Loaded the IsDayOff cache from: C:\Users\Darkness\IdeaProjects\calendar\cache
2023-12-16 19:05:48.098 INFO - Loaded the IsDayOff cache from: C:\Users\Darkness\IdeaProjects\calendar\cache
2023-12-16 19:07:14.840 INFO - Loaded the IsDayOff cache from: C:\Users\Darkness\IdeaProjects\calendar\cache
2023-12-16 19:07:50.792 INFO - Loaded the IsDayOff cache from: C:\Users\Darkness\IdeaProjects\calendar\cache
2023-12-16 19:07:50.801 INFO - Loaded the IsDayOff cache from: C:\Users\Darkness\IdeaProjects\calendar\cache
2023-12-16 19:08:22.628 INFO - Loaded the IsDayOff cache from: C:\Users\Darkness\IdeaProjects\calendar\cache
2023-12-16 19:08:22.637 INFO - Loaded the IsDayOff cache from: C:\Users\Darkness\IdeaProjects\calendar\cache
2023-12-16 19:08:22.641 INFO - Loaded the IsDayOff cache from: C:\Users\Darkness\IdeaProjects\calendar\cache
2023-12-16 19:09:33.856 INFO - Loaded the IsDayOff cache from: C:\Users\Darkness\IdeaProjects\calendar\cache
2023-12-16 19:09:33.865 INFO - Loaded the IsDayOff cache from: C:\Users\Darkness\IdeaProjects\calendar\cache
2023-12-16 19:09:33.869 INFO - Loaded the IsDayOff cache from: C:\Users\Darkness\IdeaProjects\calendar\cache
2023-12-16 19:10:00.597 INFO - Loaded the IsDayOff cache from: C:\Users\Darkness\IdeaProjects\calendar\cache
2023-12-16 19:10:00.605 INFO - Loaded the IsDayOff cache from: C:\Users\Darkness\IdeaProjects\calendar\cache
2023-12-16 19:10:00.608 INFO - Loaded the IsDayOff cache from: C:\Users\Darkness\IdeaProjects\calendar\cache
2023-12-16 19:11:25.045 INFO - Loaded the IsDayOff cache from: C:\Users\Darkness\IdeaProjects\calendar\cache
2023-12-16 19:11:25.053 INFO - Loaded the IsDayOff cache from: C:\Users\Darkness\IdeaProjects\calendar\cache
2023-12-16 19:11:25.056 INFO - Loaded the IsDayOff cache from: C:\Users\Darkness\IdeaProjects\calendar\cache
2023-12-16 19:11:47.628 INFO - Loaded the IsDayOff cache from: C:\Users\Darkness\IdeaProjects\calendar\cache
2023-12-16 19:11:47.636 INFO - Loaded the IsDayOff cache from: C:\Users\Darkness\IdeaProjects\calendar\cache
2023-12-16 19:11:47.640 INFO - Loaded the IsDayOff cache from: C:\Users\Darkness\IdeaProjects\calendar\cache
2023-12-16 19:12:01.147 INFO - Loaded the IsDayOff cache from: C:\Users\Darkness\IdeaProjects\calendar\cache
2023-12-16 19:12:01.156 INFO - Loaded the IsDayOff cache from: C:\Users\Darkness\IdeaProjects\calendar\cache
2023-12-16 19:12:01.160 INFO - Loaded the IsDayOff cache from: C:\Users\Darkness\IdeaProjects\calendar\cache
2023-12-16 19:12:35.165 INFO - Loaded the IsDayOff cache from: C:\Users\Darkness\IdeaProjects\calendar\cache
2023-12-16 19:12:35.173 INFO - Loaded the IsDayOff cache from: C:\Users\Darkness\IdeaProjects\calendar\cache
2023-12-16 19:12:35.178 INFO - Loaded the IsDayOff cache from: C:\Users\Darkness\IdeaProjects\calendar\cache
2023-12-16 19:12:56.495 INFO - Loaded the IsDayOff cache from: C:\Users\Darkness\IdeaProjects\calendar\cache
2023-12-16 19:12:56.506 INFO - Loaded the IsDayOff cache from: C:\Users\Darkness\IdeaProjects\calendar\cache
2023-12-16 19:12:56.510 INFO - Loaded the IsDayOff cache from: C:\Users\Darkness\IdeaProjects\calendar\cache
2023-12-16 19:13:15.030 INFO - Successfully loaded the notes for 487 days!
2023-12-16 19:13:15.043 INFO - Loaded the IsDayOff cache from: C:\Users\Darkness\IdeaProjects\calendar\cache
2023-12-16 19:13:16.481 INFO - Rendered the month: DECEMBER 2023
2023-12-16 19:13:16.639 INFO - Calendar application started!
2023-12-16 19:13:18.698 INFO - Rendered the month: JANUARY 2024
2023-12-16 19:13:19.662 INFO - Rendered the month: FEBRUARY 2024
2023-12-16 19:13:24.300 INFO - Rendered the month: JANUARY 2024
2023-12-16 19:13:24.967 INFO - Rendered the month: DECEMBER 2023
2023-12-16 19:13:25.494 INFO - Rendered the month: NOVEMBER 2023
2023-12-16 19:13:25.899 INFO - Rendered the month: OCTOBER 2023
2023-12-16 19:13:26.444 INFO - Rendered the month: SEPTEMBER 2023
2023-12-16 19:13:26.944 INFO - Rendered the month: AUGUST 2023
2023-12-16 19:13:27.509 INFO - Rendered the month: JULY 2023
2023-12-16 19:13:28.540 INFO - Rendered the month: JUNE 2023
2023-12-16 19:13:29.084 INFO - Rendered the month: MAY 2023
2023-12-16 19:13:29.698 INFO - Rendered the month: APRIL 2023
2023-12-16 19:13:30.228 INFO - Rendered the month: MARCH 2023
2023-12-16 19:13:30.797 INFO - Rendered the month: FEBRUARY 2023
2023-12-16 19:13:32.862 INFO - Rendered the month: JANUARY 2023
2023-12-16 19:13:34.797 INFO - Rendered the month: DECEMBER 2022
2023-12-16 19:13:35.153 INFO - Rendered the month: NOVEMBER 2022
2023-12-16 19:13:36.432 INFO - Rendered the month: OCTOBER 2022
2023-12-16 19:13:37.330 INFO - Rendered the month: SEPTEMBER 2022
2023-12-16 19:13:37.770 INFO - Rendered the month: AUGUST 2022
2023-12-16 19:13:38.696 INFO - Rendered the month: JULY 2022
2023-12-16 19:13:39.609 INFO - Rendered the month: JUNE 2022
2023-12-16 19:13:40.250 INFO - Rendered the month: MAY 2022
2023-12-16 19:13:41.545 INFO - Rendered the month: APRIL 2022
2023-12-16 19:13:42.201 INFO - Rendered the month: MARCH 2022
2023-12-16 19:13:42.851 INFO - Rendered the month: FEBRUARY 2022
2023-12-16 19:13:46.936 INFO - Rendered the month: MARCH 2022
2023-12-16 19:13:47.156 INFO - Rendered the month: APRIL 2022
2023-12-16 19:13:47.351 INFO - Rendered the month: MAY 2022
2023-12-16 19:13:47.542 INFO - Rendered the month: JUNE 2022
2023-12-16 19:13:48.802 INFO - Rendered the month: JULY 2022
2023-12-16 19:13:49.298 INFO - Rendered the month: AUGUST 2022
2023-12-16 19:13:49.679 INFO - Rendered the month: SEPTEMBER 2022
2023-12-16 19:13:49.977 INFO - Rendered the month: OCTOBER 2022
2023-12-16 19:13:50.483 INFO - Rendered the month: NOVEMBER 2022
2023-12-16 19:13:50.858 INFO - Rendered the month: DECEMBER 2022
2023-12-16 19:13:51.353 INFO - Rendered the month: JANUARY 2023
2023-12-16 19:13:51.820 INFO - Rendered the month: FEBRUARY 2023
2023-12-16 19:14:49.220 INFO - Loaded the IsDayOff cache from: C:\Users\Darkness\IdeaProjects\calendar\cache
2023-12-16 19:14:49.229 INFO - Loaded the IsDayOff cache from: C:\Users\Darkness\IdeaProjects\calendar\cache
2023-12-16 19:14:49.233 INFO - Loaded the IsDayOff cache from: C:\Users\Darkness\IdeaProjects\calendar\cache
2023-12-16 19:15:18.933 INFO - Loaded the IsDayOff cache from: C:\Users\Darkness\IdeaProjects\calendar\cache
2023-12-16 19:15:18.941 INFO - Loaded the IsDayOff cache from: C:\Users\Darkness\IdeaProjects\calendar\cache
2023-12-16 19:15:18.945 INFO - Loaded the IsDayOff cache from: C:\Users\Darkness\IdeaProjects\calendar\cache
2023-12-16 19:15:41.572 INFO - Loaded the IsDayOff cache from: C:\Users\Darkness\IdeaProjects\calendar\cache
2023-12-16 19:15:41.580 INFO - Loaded the IsDayOff cache from: C:\Users\Darkness\IdeaProjects\calendar\cache
2023-12-16 19:15:41.585 INFO - Loaded the IsDayOff cache from: C:\Users\Darkness\IdeaProjects\calendar\cache
2023-12-16 19:16:02.532 INFO - Loaded the IsDayOff cache from: C:\Users\Darkness\IdeaProjects\calendar\cache
2023-12-16 19:16:02.540 INFO - Loaded the IsDayOff cache from: C:\Users\Darkness\IdeaProjects\calendar\cache
2023-12-16 19:16:02.544 INFO - Loaded the IsDayOff cache from: C:\Users\Darkness\IdeaProjects\calendar\cache
2023-12-16 19:16:27.193 INFO - Loaded the IsDayOff cache from: C:\Users\Darkness\IdeaProjects\calendar\cache
2023-12-16 19:16:27.201 INFO - Loaded the IsDayOff cache from: C:\Users\Darkness\IdeaProjects\calendar\cache
2023-12-16 19:16:27.204 INFO - Loaded the IsDayOff cache from: C:\Users\Darkness\IdeaProjects\calendar\cache
2023-12-16 19:21:52.249 INFO - Added a note, Date: 2023/11/11, ID: 0, text: “ÂÍÒÚ 1
2023-12-16 19:21:52.269 INFO - Successfully saved the notes for 1 days!
2023-12-16 19:21:52.271 INFO - Added a note, Date: 2023/12/31, ID: 1, text: “ÂÍÒÚ 2
2023-12-16 19:21:52.272 INFO - Successfully saved the notes for 2 days!
2023-12-16 19:21:52.274 INFO - Successfully saved the notes for 2 days!
2023-12-16 19:21:52.276 INFO - Successfully loaded the notes for 2 days!
2023-12-16 19:23:07.359 INFO - Added a note, Date: 2023/11/11, ID: 0, text: “ÂÍÒÚ 1
2023-12-16 19:23:07.381 INFO - Successfully saved the notes for 1 days!
2023-12-16 19:23:07.383 INFO - Added a note, Date: 2023/12/31, ID: 1, text: “ÂÍÒÚ 2
2023-12-16 19:23:07.384 INFO - Successfully saved the notes for 2 days!
2023-12-16 19:23:07.385 INFO - Successfully saved the notes for 2 days!
2023-12-16 19:23:07.388 INFO - Successfully loaded the notes for 2 days!
2023-12-16 19:28:22.880 INFO - Successfully loaded the notes for 2 days!
2023-12-16 19:28:22.893 INFO - Loaded the IsDayOff cache from: C:\Users\Darkness\IdeaProjects\calendar\cache
2023-12-16 19:28:24.145 INFO - Rendered the month: DECEMBER 2023
2023-12-16 19:28:24.321 INFO - Calendar application started!
2023-12-16 19:28:30.542 INFO - Rendered the month: JANUARY 2024
2023-12-16 19:28:33.426 INFO - Rendered the month: DECEMBER 2023
2023-12-16 19:28:41.642 INFO - Added a note, Date: 2023/12/16, ID: 2, text: –¢–µ–∫—Å—Ç
2023-12-16 19:28:41.648 INFO - Successfully saved the notes for 63 days!
2023-12-16 19:28:49.155 INFO - Added a note, Date: 2023/12/16, ID: 3, text: —Ñ—ã–≤—Ñ—ã–≤—Ñ—ã–≤
2023-12-16 19:28:49.158 INFO - Successfully saved the notes for 63 days!
2023-12-16 19:28:52.073 INFO - Removed all notes, Date: 2023/12/16
2023-12-16 19:28:52.075 INFO - Successfully saved the notes for 63 days!
2023-12-16 19:28:54.919 INFO - Added a note, Date: 2023/12/16, ID: 4, text: —Ñ—ã–≤—Ñ—ã–≤—Ñ—ã–≤
2023-12-16 19:28:54.923 INFO - Successfully saved the notes for 63 days!
2023-12-16 19:28:59.122 INFO - Removed a note, Date: 2023/12/16, ID: 4, text: —Ñ—ã–≤—Ñ—ã–≤—Ñ—ã–≤
2023-12-16 19:28:59.126 INFO - Successfully saved the notes for 63 days!
2023-12-16 19:31:39.613 INFO - Rendered the month: JANUARY 2024
2023-12-16 19:31:41.403 INFO - Rendered the month: DECEMBER 2023
2023-12-16 19:31:43.102 INFO - Rendered the month: JANUARY 2024
2023-12-17 13:04:07.539 INFO - Successfully loaded the notes for 63 days!
2023-12-17 13:04:07.549 INFO - Loaded the IsDayOff cache from: C:\Users\Darkness\IdeaProjects\calendar\cache
2023-12-17 13:04:08.730 INFO - Rendered the month: DECEMBER 2023
2023-12-17 13:04:08.856 INFO - Calendar application started!
2023-12-17 13:04:17.360 INFO - Added a note, Date: 2023/12/16, ID: 5, text: asd
2023-12-17 13:04:17.364 INFO - Successfully saved the notes for 63 days!
2023-12-17 13:04:18.183 INFO - Removed all notes, Date: 2023/12/16
2023-12-17 13:04:18.186 INFO - Successfully saved the notes for 63 days!
2023-12-17 15:39:29.269 INFO - Successfully loaded the notes for 63 days!

